This file contains any messages produced by compilers while
running configure, to aid debugging if configure makes a mistake.

It was created by configure, which was
generated by GNU Autoconf 2.59.  Invocation command line was

  $ ./configure 

## --------- ##
## Platform. ##
## --------- ##

hostname = ldap-master.baofeng.com
uname -m = x86_64
uname -r = 2.6.18-194.26.1.el5
uname -s = Linux
uname -v = #1 SMP Tue Nov 9 12:54:20 EST 2010

/usr/bin/uname -p = unknown
/bin/uname -X     = unknown

/bin/arch              = x86_64
/usr/bin/arch -k       = unknown
/usr/convex/getsysinfo = unknown
hostinfo               = unknown
/bin/machine           = unknown
/usr/bin/oslevel       = unknown
/bin/universe          = unknown

PATH: /opt/modules/python2.6.6/bin
PATH: /opt/modules/jrockit6/bin
PATH: /opt/modules/jrockit6/bin
PATH: /opt/modules/jrockit6/bin
PATH: /usr/local/sbin
PATH: /usr/sbin
PATH: /sbin
PATH: /home/machen/soft/apache-ant-1.8.2/bin
PATH: /usr/kerberos/sbin
PATH: /usr/kerberos/bin
PATH: /opt/modules/jrockit6/bin
PATH: /opt/modules/jrockit6/bin
PATH: /usr/bin
PATH: /bin
PATH: /opt/modules/resin/bin
PATH: /bin
PATH: /usr/local/bin
PATH: /opt/modules/resin/bin
PATH: /bin
PATH: /opt/modules/sqllite-3.5.6/bin/


## ----------- ##
## Core tests. ##
## ----------- ##

configure:1342: checking build system type
configure:1360: result: x86_64-unknown-linux-gnu
configure:1368: checking host system type
configure:1382: result: x86_64-unknown-linux-gnu
configure:1391: checking cached host system type
configure:1402: result: ok
configure:1459: checking for gcc
configure:1475: found /usr/bin/gcc
configure:1485: result: gcc
configure:1729: checking for C compiler version
configure:1732: gcc --version </dev/null >&5
gcc (GCC) 4.1.2 20080704 (Red Hat 4.1.2-48)
Copyright (C) 2006 Free Software Foundation, Inc.
This is free software; see the source for copying conditions.  There is NO
warranty; not even for MERCHANTABILITY or FITNESS FOR A PARTICULAR PURPOSE.

configure:1735: $? = 0
configure:1737: gcc -v </dev/null >&5
Using built-in specs.
Target: x86_64-redhat-linux
Configured with: ../configure --prefix=/usr --mandir=/usr/share/man --infodir=/usr/share/info --enable-shared --enable-threads=posix --enable-checking=release --with-system-zlib --enable-__cxa_atexit --disable-libunwind-exceptions --enable-libgcj-multifile --enable-languages=c,c++,objc,obj-c++,java,fortran,ada --enable-java-awt=gtk --disable-dssi --enable-plugin --with-java-home=/usr/lib/jvm/java-1.4.2-gcj-1.4.2.0/jre --with-cpu=generic --host=x86_64-redhat-linux
Thread model: posix
gcc version 4.1.2 20080704 (Red Hat 4.1.2-48)
configure:1740: $? = 0
configure:1742: gcc -V </dev/null >&5
gcc: '-V' option must have argument
configure:1745: $? = 1
configure:1768: checking for C compiler default output file name
configure:1771: gcc    conftest.c  >&5
configure:1774: $? = 0
configure:1820: result: a.out
configure:1825: checking whether the C compiler works
configure:1831: ./a.out
configure:1834: $? = 0
configure:1851: result: yes
configure:1858: checking whether we are cross compiling
configure:1860: result: no
configure:1863: checking for suffix of executables
configure:1865: gcc -o conftest    conftest.c  >&5
configure:1868: $? = 0
configure:1893: result: 
configure:1899: checking for suffix of object files
configure:1920: gcc -c   conftest.c >&5
configure:1923: $? = 0
configure:1945: result: o
configure:1949: checking whether we are using the GNU C compiler
configure:1973: gcc -c   conftest.c >&5
configure:1979: $? = 0
configure:1983: test -z 
			 || test ! -s conftest.err
configure:1986: $? = 0
configure:1989: test -s conftest.o
configure:1992: $? = 0
configure:2005: result: yes
configure:2011: checking whether gcc accepts -g
configure:2032: gcc -c -g  conftest.c >&5
configure:2038: $? = 0
configure:2042: test -z 
			 || test ! -s conftest.err
configure:2045: $? = 0
configure:2048: test -s conftest.o
configure:2051: $? = 0
configure:2062: result: yes
configure:2079: checking for gcc option to accept ANSI C
configure:2149: gcc  -c -g -O2  conftest.c >&5
configure:2155: $? = 0
configure:2159: test -z 
			 || test ! -s conftest.err
configure:2162: $? = 0
configure:2165: test -s conftest.o
configure:2168: $? = 0
configure:2186: result: none needed
configure:2204: gcc -c -g -O2  conftest.c >&5
conftest.c:2: error: expected '=', ',', ';', 'asm' or '__attribute__' before 'me'
configure:2210: $? = 1
configure: failed program was:
| #ifndef __cplusplus
|   choke me
| #endif
configure:2384: checking for ranlib
configure:2400: found /usr/bin/ranlib
configure:2411: result: ranlib
configure:2464: checking for strip
configure:2480: found /usr/bin/strip
configure:2491: result: strip
configure:2509: checking C flags dependant on host system type
configure:2644: result: ok
configure:2746: checking for JDK os include directory
configure:2785: result: gcc flags added
configure:2796: checking for cap_init in -lcap
configure:2826: gcc -o conftest -g -O2 -DOS_LINUX -DDSO_DLFCN -DCPU=\"amd64\" -Wall -Wstrict-prototypes   conftest.c -lcap   -ldl -lpthread >&5
conftest.c:16: warning: function declaration isn't a prototype
conftest.c:19: warning: function declaration isn't a prototype
/usr/bin/ld: cannot find -lcap
collect2: ld returned 1 exit status
configure:2832: $? = 1
configure: failed program was:
| /* confdefs.h.  */
| 
| #define PACKAGE_NAME ""
| #define PACKAGE_TARNAME ""
| #define PACKAGE_VERSION ""
| #define PACKAGE_STRING ""
| #define PACKAGE_BUGREPORT ""
| /* end confdefs.h.  */
| 
| /* Override any gcc2 internal prototype to avoid an error.  */
| #ifdef __cplusplus
| extern "C"
| #endif
| /* We use char because int might match the return type of a gcc2
|    builtin and then its argument prototype would still apply.  */
| char cap_init ();
| int
| main ()
| {
| cap_init ();
|   ;
|   return 0;
| }
configure:2858: result: no
configure:3005: creating ./config.status

## ---------------------- ##
## Running config.status. ##
## ---------------------- ##

This file was extended by config.status, which was
generated by GNU Autoconf 2.59.  Invocation command line was

  CONFIG_FILES    = 
  CONFIG_HEADERS  = 
  CONFIG_LINKS    = 
  CONFIG_COMMANDS = 
  $ ./config.status 

on ldap-master.baofeng.com

config.status:648: creating Makefile
config.status:648: creating Makedefs
config.status:648: creating native/Makefile
configure:3807: result: Now you can issue "make"

## ---------------- ##
## Cache variables. ##
## ---------------- ##

ac_cv_build=x86_64-unknown-linux-gnu
ac_cv_build_alias=x86_64-unknown-linux-gnu
ac_cv_c_compiler_gnu=yes
ac_cv_env_CC_set=
ac_cv_env_CC_value=
ac_cv_env_CFLAGS_set=
ac_cv_env_CFLAGS_value=
ac_cv_env_CPPFLAGS_set=
ac_cv_env_CPPFLAGS_value=
ac_cv_env_LDFLAGS_set=
ac_cv_env_LDFLAGS_value=
ac_cv_env_build_alias_set=
ac_cv_env_build_alias_value=
ac_cv_env_host_alias_set=
ac_cv_env_host_alias_value=
ac_cv_env_target_alias_set=
ac_cv_env_target_alias_value=
ac_cv_exeext=
ac_cv_host=x86_64-unknown-linux-gnu
ac_cv_host_alias=x86_64-unknown-linux-gnu
ac_cv_host_system_type=x86_64-unknown-linux-gnu
ac_cv_lib_cap_cap_init=no
ac_cv_objext=o
ac_cv_prog_ac_ct_CC=gcc
ac_cv_prog_ac_ct_RANLIB=ranlib
ac_cv_prog_ac_ct_STRIP=strip
ac_cv_prog_cc_g=yes
ac_cv_prog_cc_stdc=

## ----------------- ##
## Output variables. ##
## ----------------- ##

CC='gcc'
CFLAGS='-g -O2 -DOS_LINUX -DDSO_DLFCN -DCPU=\"amd64\" -Wall -Wstrict-prototypes'
CPPFLAGS=''
DEFS='-DPACKAGE_NAME=\"\" -DPACKAGE_TARNAME=\"\" -DPACKAGE_VERSION=\"\" -DPACKAGE_STRING=\"\" -DPACKAGE_BUGREPORT=\"\" '
ECHO_C=''
ECHO_N='-n'
ECHO_T=''
EXEEXT=''
INCLUDES=' -I/opt/modules/jrockit6/include -I/opt/modules/jrockit6/include/linux'
JAVA_HOME='/opt/modules/jrockit6'
LDCMD='gcc'
LDFLAGS=''
LIBOBJS=''
LIBS=' -ldl -lpthread'
LTLIBOBJS=''
OBJEXT='o'
PACKAGE_BUGREPORT=''
PACKAGE_NAME=''
PACKAGE_STRING=''
PACKAGE_TARNAME=''
PACKAGE_VERSION=''
PATH_SEPARATOR=':'
RANLIB='ranlib'
SHELL='/bin/sh'
STRIP='@: '
ac_ct_CC='gcc'
ac_ct_RANLIB='ranlib'
ac_ct_STRIP='strip'
bindir='${exec_prefix}/bin'
build='x86_64-unknown-linux-gnu'
build_alias=''
build_cpu='x86_64'
build_os='linux-gnu'
build_vendor='unknown'
datadir='${prefix}/share'
exec_prefix='${prefix}'
host='x86_64-unknown-linux-gnu'
host_alias=''
host_cpu='x86_64'
host_os='linux-gnu'
host_vendor='unknown'
includedir='${prefix}/include'
infodir='${prefix}/info'
libdir='${exec_prefix}/lib'
libexecdir='${exec_prefix}/libexec'
localstatedir='${prefix}/var'
mandir='${prefix}/man'
oldincludedir='/usr/include'
prefix='/usr/local'
program_transform_name='s,x,x,'
sbindir='${exec_prefix}/sbin'
sharedstatedir='${prefix}/com'
sysconfdir='${prefix}/etc'
target_alias=''

## ----------- ##
## confdefs.h. ##
## ----------- ##

#define PACKAGE_BUGREPORT ""
#define PACKAGE_NAME ""
#define PACKAGE_STRING ""
#define PACKAGE_TARNAME ""
#define PACKAGE_VERSION ""

configure: exit 0
